<testsuites id="" name="" tests="1" failures="1" skipped="0" errors="0" time="26.818">
<testsuite name="AlexTest.spec.mjs" timestamp="1657466987088" hostname="" tests="1" failures="1" skipped="0" time="25.878" errors="0">
<testcase name="at_desccr1 at1" classname="[firefox] › AlexTest.spec.mjs:13:5 › at_desccr1 › at1" time="25.878">
<failure message="AlexTest.spec.mjs:13:5 at1" type="FAILURE">
<![CDATA[  [firefox] › AlexTest.spec.mjs:13:5 › at_desccr1 › at1 ============================================

    locator.fill: Target closed
    =========================== logs ===========================
    waiting for selector "[data-test="subdomain"]"
    ============================================================

        at loginToAccount (file:///C:/Work/qa-automation/tests/functions/accounts.mjs:107:51)
        at file:///C:/Work/qa-automation/tests/AlexTest.spec.mjs:14:9

    attachment #1: trace (application/zip) ---------------------------------------------------------
    test-results\AlexTest-at-desccr1-at1-firefox\trace.zip
    Usage:

        npx playwright show-trace test-results\AlexTest-at-desccr1-at1-firefox\trace.zip

    ------------------------------------------------------------------------------------------------
]]>
</failure>
<system-out>
<![CDATA[
[[ATTACHMENT|..\test-results\AlexTest-at-desccr1-at1-firefox\trace.zip]]
]]>
</system-out>
</testcase>
</testsuite>
</testsuites>